SF:src\pptxlib\__init__.py
DA:1,1
DA:2,1
DA:3,1
DA:4,1
DA:5,1
DA:7,1
LF:6
LH:6
end_of_record
SF:src\pptxlib\app.py
DA:7,1
DA:9,1
DA:10,1
DA:11,1
DA:13,1
DA:14,1
DA:16,1
DA:17,1
DA:18,1
DA:24,1
DA:25,1
DA:37,1
DA:38,1
DA:40,1
DA:42,1
DA:43,1
DA:44,1
DA:46,1
DA:47,1
DA:53,1
DA:55,1
DA:57,1
DA:59,1
DA:65,1
DA:67,1
DA:75,1
DA:77,1
DA:79,1
DA:82,1
DA:83,1
DA:92,1
DA:93,1
DA:94,1
DA:98,1
LF:34
LH:34
FN:40,44,App.__post_init__
FNDA:1,App.__post_init__
FN:47,53,App.presentations
FNDA:1,App.presentations
FN:55,57,App.quit
FNDA:1,App.quit
FN:59,65,App.__enter__
FNDA:1,App.__enter__
FN:67,75,App.__exit__
FNDA:1,App.__exit__
FN:77,79,App.unselect
FNDA:1,App.unselect
FN:83,98,is_powerpoint_available
FNDA:1,is_powerpoint_available
FNF:7
FNH:7
end_of_record
SF:src\pptxlib\base.py
DA:1,1
DA:3,1
DA:4,1
DA:6,1
DA:16,1
DA:17,1
DA:18,1
DA:20,1
DA:21,1
DA:24,1
DA:25,1
DA:26,1
DA:27,1
DA:28,1
DA:30,1
DA:31,1
DA:33,1
DA:34,1
DA:36,1
DA:37,1
DA:38,1
DA:39,1
DA:40,1
DA:41,1
DA:43,1
DA:44,1
DA:45,1
DA:47,1
DA:48,1
DA:50,1
DA:51,1
DA:54,1
DA:57,1
DA:58,1
DA:59,1
DA:60,1
DA:61,1
DA:63,1
DA:64,1
DA:66,1
DA:67,1
DA:69,1
DA:70,1
DA:72,1
DA:73,1
DA:74,1
DA:76,1
DA:78,1
DA:79,1
LF:49
LH:49
FN:20,21,Base.__repr__
FNDA:1,Base.__repr__
FN:30,31,Element.__post_init__
FNDA:1,Element.__post_init__
FN:33,34,Element.__repr__
FNDA:1,Element.__repr__
FN:37,41,Element.name
FNDA:1,Element.name
FN:44,45,Element.name
FNDA:1,Element.name
FN:47,48,Element.select
FNDA:1,Element.select
FN:50,51,Element.delete
FNDA:1,Element.delete
FN:63,64,Collection.__post_init__
FNDA:1,Collection.__post_init__
FN:66,67,Collection.__repr__
FNDA:1,Collection.__repr__
FN:69,70,Collection.__len__
FNDA:1,Collection.__len__
FN:72,76,Collection.__getitem__
FNDA:1,Collection.__getitem__
FN:78,79,Collection.__iter__
FNDA:1,Collection.__iter__
FNF:12
FNH:12
end_of_record
SF:src\pptxlib\client.py
DA:1,1
DA:3,1
DA:4,1
DA:6,1
DA:14,1
DA:15,1
DA:17,1
DA:18,1
DA:19,1
DA:22,1
DA:23,1
DA:24,1
DA:25,1
DA:28,1
DA:29,1
DA:30,1
LF:16
LH:16
FN:14,19,iter_typelib_specs
FNDA:1,iter_typelib_specs
FN:22,25,ensure_module
FNDA:1,ensure_module
FN:28,30,ensure_modules
FNDA:1,ensure_modules
FNF:3
FNH:3
end_of_record
SF:src\pptxlib\color.py
DA:1,1
DA:4,1
DA:30,1
DA:31,1
DA:33,1
DA:34,1
DA:36,1
DA:37,1
DA:39,1
DA:40,1
DA:42,1
DA:44,1
DA:45,1
DA:47,1
DA:50,1
LF:15
LH:15
FN:4,47,rgb
FNDA:1,rgb
FNF:1
FNH:1
end_of_record
SF:src\pptxlib\font.py
DA:1,1
DA:3,1
DA:4,1
DA:6,1
DA:8,1
DA:9,1
DA:12,1
DA:13,1
DA:14,1
DA:15,1
DA:16,1
DA:18,1
DA:19,1
DA:20,1
DA:22,1
DA:23,1
DA:24,1
DA:26,1
DA:27,1
DA:28,1
DA:30,1
DA:31,1
DA:32,1
DA:34,1
DA:35,1
DA:36,1
DA:38,1
DA:39,1
DA:40,1
DA:42,1
DA:43,1
DA:44,1
DA:46,1
DA:47,1
DA:48,1
DA:50,1
DA:51,1
DA:52,1
DA:54,1
DA:55,1
DA:56,1
DA:58,1
DA:66,1
DA:67,1
DA:68,1
DA:69,1
DA:70,1
DA:71,1
DA:72,1
DA:73,1
DA:74,1
DA:75,1
DA:77,1
DA:79,1
DA:80,1
DA:81,1
DA:82,1
DA:83,1
DA:84,1
DA:85,1
LF:60
LH:60
FN:14,16,Font.__repr__
FNDA:1,Font.__repr__
FN:19,20,Font.name
FNDA:1,Font.name
FN:23,24,Font.name
FNDA:1,Font.name
FN:27,28,Font.size
FNDA:1,Font.size
FN:31,32,Font.size
FNDA:1,Font.size
FN:35,36,Font.bold
FNDA:1,Font.bold
FN:39,40,Font.bold
FNDA:1,Font.bold
FN:43,44,Font.italic
FNDA:1,Font.italic
FN:47,48,Font.italic
FNDA:1,Font.italic
FN:51,52,Font.color
FNDA:1,Font.color
FN:55,56,Font.color
FNDA:1,Font.color
FN:58,77,Font.set
FNDA:1,Font.set
FN:79,85,Font.update
FNDA:1,Font.update
FNF:13
FNH:13
end_of_record
SF:src\pptxlib\gantt.py
DA:1,1
DA:3,1
DA:4,1
DA:5,1
DA:6,1
DA:8,1
DA:16,1
DA:17,1
DA:18,1
DA:19,1
DA:20,1
DA:21,1
DA:22,1
DA:24,1
DA:25,1
DA:26,1
DA:27,1
DA:28,1
DA:30,1
DA:31,1
DA:32,1
DA:34,1
DA:35,1
DA:38,1
DA:39,1
DA:40,1
DA:42,1
DA:45,1
DA:46,1
DA:47,1
DA:48,1
DA:51,1
DA:52,1
DA:53,1
DA:54,1
DA:56,1
DA:57,1
DA:59,1
DA:60,1
DA:61,1
DA:63,1
DA:64,1
DA:65,1
DA:66,1
DA:67,1
DA:68,1
DA:69,1
DA:70,1
DA:71,1
DA:72,1
DA:76,1
DA:77,1
DA:78,1
DA:79,1
DA:80,1
DA:82,1
DA:83,1
DA:84,1
DA:87,1
DA:88,1
DA:89,1
DA:90,1
DA:92,1
DA:98,1
DA:100,1
DA:111,1
DA:112,1
DA:113,1
DA:114,1
DA:116,1
DA:117,1
DA:118,1
DA:119,1
DA:121,1
DA:130,1
DA:131,1
DA:132,1
DA:134,1
DA:135,1
DA:136,1
DA:137,1
DA:139,1
DA:140,1
DA:141,1
DA:142,1
DA:143,1
DA:144,1
DA:146,1
DA:147,1
DA:149,1
DA:150,1
DA:151,1
DA:152,1
DA:154,1
DA:156,1
DA:157,1
DA:158,1
DA:159,1
DA:161,1
DA:162,1
DA:163,1
DA:164,1
DA:165,1
DA:167,1
DA:168,1
DA:169,1
DA:171,1
DA:172,1
DA:174,1
DA:184,1
DA:185,1
DA:186,1
DA:187,1
DA:188,1
DA:190,1
DA:191,1
DA:192,1
DA:193,1
DA:194,1
DA:196,1
DA:197,1
DA:198,1
DA:200,1
LF:123
LH:123
FN:16,35,date_index
FNDA:1,date_index
FN:38,42,fiscal_year
FNDA:1,fiscal_year
FN:56,74,GanttFrame.__init__
FNDA:1,GanttFrame.__init__
FN:77,80,GanttFrame.name
FNDA:1,GanttFrame.name
FN:83,84,GanttFrame.days
FNDA:1,GanttFrame.days
FN:92,98,GanttChart.__init__
FNDA:1,GanttChart.__init__
FN:100,154,GanttChart.add_table
FNDA:1,GanttChart.add_table
FN:157,159,GanttChart.origin
FNDA:1,GanttChart.origin
FN:162,165,GanttChart.day_width
FNDA:1,GanttChart.day_width
FN:167,169,GanttChart.x
FNDA:1,GanttChart.x
FN:171,172,GanttChart.y
FNDA:1,GanttChart.y
FN:174,200,GanttChart.add
FNDA:1,GanttChart.add
FNF:12
FNH:12
end_of_record
SF:src\pptxlib\presentation.py
DA:1,1
DA:3,1
DA:4,1
DA:6,1
DA:7,1
DA:15,1
DA:16,1
DA:17,1
DA:18,1
DA:20,1
DA:21,1
DA:23,1
DA:24,1
DA:26,1
DA:27,1
DA:28,1
DA:30,1
DA:31,1
DA:32,1
DA:34,1
DA:35,1
DA:36,1
DA:38,1
DA:39,1
DA:40,1
DA:42,1
DA:43,1
DA:44,1
DA:46,1
DA:47,1
DA:48,1
DA:49,1
DA:51,1
DA:52,1
DA:53,1
DA:56,1
DA:57,1
DA:58,1
DA:59,1
DA:61,1
DA:62,1
DA:63,1
DA:65,1
DA:66,1
DA:67,1
DA:69,1
DA:70,1
DA:71,1
DA:72,1
LF:49
LH:49
FN:20,21,Presentation.close
FNDA:1,Presentation.close
FN:23,24,Presentation.delete
FNDA:1,Presentation.delete
FN:27,28,Presentation.slides
FNDA:1,Presentation.slides
FN:31,32,Presentation.width
FNDA:1,Presentation.width
FN:35,36,Presentation.width
FNDA:1,Presentation.width
FN:39,40,Presentation.height
FNDA:1,Presentation.height
FN:43,44,Presentation.height
FNDA:1,Presentation.height
FN:46,49,Presentation.size
FNDA:1,Presentation.size
FN:52,53,Presentation.layouts
FNDA:1,Presentation.layouts
FN:61,63,Presentations.add
FNDA:1,Presentations.add
FN:65,67,Presentations.close
FNDA:1,Presentations.close
FN:70,72,Presentations.active
FNDA:1,Presentations.active
FNF:12
FNH:12
end_of_record
SF:src\pptxlib\shape.py
DA:1,1
DA:3,1
DA:4,1
DA:5,1
DA:6,1
DA:8,1
DA:10,1
DA:11,1
DA:12,1
DA:26,1
DA:27,1
DA:28,1
DA:29,1
DA:30,1
DA:32,1
DA:33,1
DA:34,1
DA:36,1
DA:37,1
DA:38,1
DA:40,1
DA:41,1
DA:42,1
DA:44,1
DA:45,1
DA:46,1
DA:48,1
DA:49,1
DA:50,1
DA:52,1
DA:58,1
DA:59,1
DA:60,1
DA:61,1
DA:62,1
DA:63,1
DA:64,1
DA:66,1
DA:67,1
DA:68,1
DA:71,1
DA:72,1
DA:73,1
DA:76,1
DA:77,1
DA:78,1
DA:79,1
DA:80,1
DA:82,1
DA:83,1
DA:84,1
DA:86,1
DA:92,1
DA:93,1
DA:94,1
DA:95,1
DA:96,1
DA:97,1
DA:99,1
DA:101,1
DA:102,1
DA:103,1
DA:104,1
DA:106,1
DA:107,1
DA:108,1
DA:110,1
DA:111,1
DA:112,1
DA:113,1
DA:114,1
DA:116,1
DA:117,1
DA:118,1
DA:120,1
DA:121,1
DA:122,1
DA:124,1
DA:125,1
DA:126,1
DA:127,1
DA:128,1
DA:130,1
DA:131,1
DA:132,1
DA:134,1
DA:135,1
DA:136,1
DA:137,1
DA:138,1
DA:140,1
DA:141,1
DA:142,1
DA:144,1
DA:145,1
DA:146,1
DA:147,1
DA:148,1
DA:150,1
DA:151,1
DA:152,1
DA:154,1
DA:155,1
DA:156,1
DA:157,1
DA:158,1
DA:160,1
DA:161,1
DA:162,1
DA:164,1
DA:165,1
DA:166,1
DA:167,1
DA:168,1
DA:170,1
DA:171,1
DA:172,1
DA:174,1
DA:175,1
DA:176,1
DA:177,1
DA:178,1
DA:180,1
DA:186,1
DA:187,1
DA:188,1
DA:189,1
DA:190,1
DA:191,1
DA:192,1
DA:194,1
DA:200,1
DA:201,1
DA:202,1
DA:203,1
DA:204,1
DA:205,1
DA:206,1
DA:209,1
DA:210,1
DA:211,1
DA:212,1
DA:214,1
DA:215,1
DA:216,1
DA:218,1
DA:219,1
DA:220,1
DA:222,1
DA:223,1
DA:224,1
DA:226,1
DA:227,1
DA:228,1
DA:230,1
DA:231,1
DA:232,1
DA:234,1
DA:235,1
DA:236,1
DA:237,1
DA:239,1
DA:240,1
DA:242,1
DA:243,1
DA:244,1
DA:246,1
DA:247,1
DA:248,1
DA:249,1
DA:251,1
DA:252,1
DA:254,1
DA:255,1
DA:256,1
DA:258,1
DA:259,1
DA:260,1
DA:262,1
DA:263,1
DA:264,1
DA:266,1
DA:267,1
DA:268,1
DA:270,1
DA:271,1
DA:272,1
DA:274,1
DA:275,1
DA:276,1
DA:278,1
DA:279,1
DA:280,1
DA:282,1
DA:283,1
DA:284,1
DA:286,1
DA:287,1
DA:288,1
DA:289,1
DA:291,1
DA:292,1
DA:294,1
DA:295,1
DA:296,1
DA:298,1
DA:299,1
DA:300,1
DA:301,1
DA:302,1
DA:303,1
DA:305,1
DA:306,1
DA:307,1
DA:309,1
DA:310,1
DA:311,1
DA:312,1
DA:314,1
DA:315,1
DA:316,1
DA:318,1
DA:319,1
DA:320,1
DA:321,1
DA:323,1
DA:324,1
DA:325,1
DA:326,1
DA:327,1
DA:328,1
DA:330,1
DA:337,1
DA:338,1
DA:339,1
DA:340,1
DA:341,1
DA:342,1
DA:345,1
DA:346,1
DA:347,1
DA:348,1
DA:350,1
DA:351,1
DA:352,1
DA:354,1
DA:363,1
DA:364,1
DA:366,1
DA:367,1
DA:368,1
DA:370,1
DA:372,1
DA:379,1
DA:380,1
DA:382,1
DA:392,1
DA:393,1
DA:395,1
DA:396,1
DA:398,1
DA:399,1
DA:400,1
DA:402,1
DA:411,1
DA:413,1
DA:414,1
DA:416,1
DA:425,1
DA:427,1
DA:437,1
DA:438,1
DA:439,1
DA:441,1
DA:443,1
DA:452,1
DA:453,1
DA:455,1
DA:456,1
DA:457,1
DA:458,1
DA:460,1
DA:471,1
DA:472,1
DA:474,1
DA:475,1
DA:476,1
DA:477,1
DA:479,1
DA:485,1
DA:486,1
DA:487,1
DA:489,1
DA:490,1
DA:491,1
DA:494,1
DA:495,1
DA:496,1
DA:498,1
DA:500,1
DA:501,1
DA:503,1
DA:504,1
DA:506,1
DA:507,1
DA:508,1
DA:510,1
DA:512,1
DA:519,1
DA:521,1
DA:522,1
DA:523,1
DA:524,1
DA:525,1
DA:526,1
DA:527,1
DA:528,1
DA:530,1
DA:532,1
DA:556,1
DA:557,1
DA:559,1
DA:561,1
DA:562,1
DA:563,1
DA:564,1
DA:565,1
DA:566,1
DA:567,1
DA:568,1
DA:570,1
DA:572,1
DA:573,1
DA:574,1
DA:577,1
DA:578,1
DA:579,1
DA:580,1
LF:338
LH:338
FN:29,30,Color.color
FNDA:1,Color.color
FN:33,34,Color.color
FNDA:1,Color.color
FN:37,38,Color.alpha
FNDA:1,Color.alpha
FN:41,42,Color.alpha
FNDA:1,Color.alpha
FN:45,46,Color.visible
FNDA:1,Color.visible
FN:49,50,Color.visible
FNDA:1,Color.visible
FN:52,64,Color.set
FNDA:1,Color.set
FN:66,68,Color.update
FNDA:1,Color.update
FN:79,80,Line.weight
FNDA:1,Line.weight
FN:83,84,Line.weight
FNDA:1,Line.weight
FN:86,99,Line.set
FNDA:1,Line.set
FN:101,104,Line.update
FNDA:1,Line.update
FN:107,108,Line.dash_style
FNDA:1,Line.dash_style
FN:111,114,Line.dash_style
FNDA:1,Line.dash_style
FN:116,118,Line.dash
FNDA:1,Line.dash
FN:121,122,Line.begin_arrowhead_style
FNDA:1,Line.begin_arrowhead_style
FN:125,128,Line.begin_arrowhead_style
FNDA:1,Line.begin_arrowhead_style
FN:131,132,Line.end_arrowhead_style
FNDA:1,Line.end_arrowhead_style
FN:135,138,Line.end_arrowhead_style
FNDA:1,Line.end_arrowhead_style
FN:141,142,Line.begin_arrowhead_length
FNDA:1,Line.begin_arrowhead_length
FN:145,148,Line.begin_arrowhead_length
FNDA:1,Line.begin_arrowhead_length
FN:151,152,Line.end_arrowhead_length
FNDA:1,Line.end_arrowhead_length
FN:155,158,Line.end_arrowhead_length
FNDA:1,Line.end_arrowhead_length
FN:161,162,Line.begin_arrowhead_width
FNDA:1,Line.begin_arrowhead_width
FN:165,168,Line.begin_arrowhead_width
FNDA:1,Line.begin_arrowhead_width
FN:171,172,Line.end_arrowhead_width
FNDA:1,Line.end_arrowhead_width
FN:175,178,Line.end_arrowhead_width
FNDA:1,Line.end_arrowhead_width
FN:180,192,Line.begin_arrow
FNDA:1,Line.begin_arrow
FN:194,206,Line.end_arrow
FNDA:1,Line.end_arrow
FN:215,216,Shape.left
FNDA:1,Shape.left
FN:219,220,Shape.top
FNDA:1,Shape.top
FN:223,224,Shape.width
FNDA:1,Shape.width
FN:227,228,Shape.height
FNDA:1,Shape.height
FN:231,240,Shape.left
FNDA:1,Shape.left
FN:243,252,Shape.top
FNDA:1,Shape.top
FN:255,256,Shape.width
FNDA:1,Shape.width
FN:259,260,Shape.height
FNDA:1,Shape.height
FN:263,264,Shape.text_range
FNDA:1,Shape.text_range
FN:267,268,Shape.text
FNDA:1,Shape.text
FN:271,272,Shape.text
FNDA:1,Shape.text
FN:275,276,Shape.font
FNDA:1,Shape.font
FN:279,280,Shape.fill
FNDA:1,Shape.fill
FN:283,284,Shape.line
FNDA:1,Shape.line
FN:286,289,Shape.select
FNDA:1,Shape.select
FN:291,292,Shape.copy
FNDA:1,Shape.copy
FN:294,296,Shape.connect
FNDA:1,Shape.connect
FN:298,303,Shape.export
FNDA:1,Shape.export
FN:305,312,Shape.png
FNDA:1,Shape.png
FN:314,321,Shape.svg
FNDA:1,Shape.svg
FN:323,328,Shape.align_center
FNDA:1,Shape.align_center
FN:330,342,Shape.text_margin
FNDA:1,Shape.text_margin
FN:351,352,Shapes.title
FNDA:1,Shapes.title
FN:354,370,Shapes.add
FNDA:1,Shapes.add
FN:372,380,Shapes.add_line
FNDA:1,Shapes.add_line
FN:382,400,Shapes.add_label
FNDA:1,Shapes.add_label
FN:402,414,Shapes.add_table
FNDA:1,Shapes.add_table
FN:416,441,Shapes.add_picture
FNDA:1,Shapes.add_picture
FN:443,458,Shapes.add_image
FNDA:1,Shapes.add_image
FN:460,477,Shapes.add_figure
FNDA:1,Shapes.add_figure
FN:479,510,Shapes.add_connector
FNDA:1,Shapes.add_connector
FN:512,530,Shapes.paste
FNDA:1,Shapes.paste
FN:532,570,Shapes.paste_special
FNDA:1,Shapes.paste_special
FN:572,574,Shapes.range
FNDA:1,Shapes.range
FN:579,580,ShapeRange.__repr__
FNDA:1,ShapeRange.__repr__
FNF:64
FNH:64
end_of_record
SF:src\pptxlib\slide.py
DA:1,1
DA:3,1
DA:4,1
DA:5,1
DA:6,1
DA:8,1
DA:10,1
DA:11,1
DA:21,1
DA:22,1
DA:23,1
DA:24,1
DA:26,1
DA:27,1
DA:28,1
DA:30,1
DA:31,1
DA:32,1
DA:34,1
DA:35,1
DA:36,1
DA:37,1
DA:39,1
DA:40,1
DA:41,1
DA:43,1
DA:44,1
DA:45,1
DA:47,1
DA:48,1
DA:49,1
DA:50,1
DA:52,1
DA:53,1
DA:54,1
DA:56,1
DA:57,1
DA:58,1
DA:59,1
DA:61,1
DA:62,1
DA:63,1
DA:65,1
DA:66,1
DA:67,1
DA:68,1
DA:69,1
DA:71,1
DA:73,1
DA:78,1
DA:79,1
DA:81,1
DA:82,1
DA:84,1
DA:87,1
DA:88,1
DA:89,1
DA:90,1
DA:93,1
DA:94,1
DA:95,1
DA:96,1
DA:98,1
DA:103,1
DA:104,1
DA:106,1
DA:107,1
DA:109,1
DA:111,1
DA:112,1
DA:114,1
DA:116,1
DA:118,1
DA:119,1
DA:120,1
DA:121,1
DA:124,1
DA:125,1
DA:126,1
DA:127,1
DA:129,1
DA:130,1
DA:131,1
DA:132,1
DA:134,1
DA:136,1
DA:137,1
DA:139,1
DA:140,1
DA:141,1
DA:142,1
DA:144,1
DA:146,1
DA:147,1
DA:148,1
DA:150,1
DA:151,1
DA:153,1
DA:154,1
DA:155,1
DA:156,1
DA:158,1
DA:160,1
DA:161,1
DA:162,1
DA:163,1
DA:164,1
LF:107
LH:107
FN:27,28,Slide.shapes
FNDA:1,Slide.shapes
FN:31,32,Slide.title
FNDA:1,Slide.title
FN:35,37,Slide.title
FNDA:1,Slide.title
FN:40,41,Slide.width
FNDA:1,Slide.width
FN:44,45,Slide.height
FNDA:1,Slide.height
FN:47,50,Slide.export
FNDA:1,Slide.export
FN:52,59,Slide.png
FNDA:1,Slide.png
FN:62,63,Slide.layout
FNDA:1,Slide.layout
FN:66,71,Slide.layout
FNDA:1,Slide.layout
FN:73,84,Slide.set
FNDA:1,Slide.set
FN:98,116,Slides.add
FNDA:1,Slides.add
FN:119,121,Slides.active
FNDA:1,Slides.active
FN:129,137,Layouts.add
FNDA:1,Layouts.add
FN:139,144,Layouts.get
FNDA:1,Layouts.get
FN:146,158,Layouts.get_api
FNDA:1,Layouts.get_api
FN:160,164,Layouts.copy_from
FNDA:1,Layouts.copy_from
FNF:16
FNH:16
end_of_record
SF:src\pptxlib\table.py
DA:1,1
DA:3,1
DA:4,1
DA:6,1
DA:8,1
DA:9,1
DA:16,1
DA:17,1
DA:18,1
DA:19,1
DA:20,1
DA:22,1
DA:23,1
DA:24,1
DA:26,1
DA:27,1
DA:28,1
DA:30,1
DA:31,1
DA:32,1
DA:33,1
DA:35,1
DA:37,1
DA:38,1
DA:40,1
DA:41,1
DA:43,1
DA:44,1
DA:46,1
DA:47,1
DA:49,1
DA:50,1
DA:52,1
DA:56,1
DA:57,1
DA:59,1
DA:60,1
DA:61,1
DA:63,1
DA:64,1
DA:66,1
DA:67,1
DA:71,1
DA:72,1
DA:73,1
DA:75,1
DA:76,1
DA:77,1
DA:79,1
DA:86,1
DA:87,1
DA:88,1
DA:89,1
DA:91,1
DA:92,1
DA:94,1
DA:95,1
DA:97,1
DA:98,1
DA:99,1
DA:100,1
DA:103,1
DA:111,1
DA:112,1
DA:114,1
DA:115,1
DA:116,1
DA:117,1
DA:118,1
DA:119,1
DA:121,1
DA:122,1
DA:125,1
DA:126,1
DA:127,1
DA:128,1
DA:130,1
DA:131,1
DA:133,1
DA:134,1
DA:135,1
DA:137,1
DA:138,1
DA:139,1
DA:141,1
DA:142,1
DA:144,1
DA:145,1
DA:147,1
DA:148,1
DA:149,1
DA:151,1
DA:159,1
DA:162,1
DA:163,1
DA:164,1
DA:165,1
DA:167,1
DA:168,1
DA:169,1
DA:171,1
DA:172,1
DA:173,1
DA:176,1
DA:177,1
DA:178,1
DA:179,1
DA:181,1
DA:182,1
DA:183,1
DA:185,1
DA:186,1
DA:187,1
DA:190,1
DA:191,1
DA:192,1
DA:193,1
DA:195,1
DA:196,1
DA:197,1
DA:199,1
DA:200,1
DA:201,1
DA:202,1
DA:204,1
DA:205,1
DA:206,1
DA:209,1
DA:210,1
DA:211,1
DA:212,1
DA:214,1
DA:215,1
DA:216,1
DA:218,1
DA:219,1
DA:220,1
DA:221,1
DA:223,1
DA:224,1
DA:225,1
DA:228,1
DA:229,1
DA:230,1
DA:231,1
DA:233,1
DA:234,1
DA:236,1
DA:237,1
DA:238,1
DA:240,1
DA:241,1
DA:242,1
DA:244,1
DA:245,1
DA:246,1
DA:248,1
DA:249,1
DA:250,1
DA:252,1
DA:253,1
DA:256,1
DA:257,1
DA:258,1
DA:259,1
DA:261,1
DA:262,1
DA:263,1
DA:266,1
DA:267,1
DA:268,1
DA:269,1
DA:271,1
DA:272,1
DA:275,1
DA:276,1
DA:277,1
DA:279,1
DA:285,1
DA:286,1
DA:288,1
DA:291,1
DA:292,1
DA:293,1
DA:294,1
DA:296,1
DA:300,1
DA:301,1
DA:303,1
DA:304,1
DA:307,1
DA:308,1
DA:309,1
DA:311,1
DA:315,1
LF:195
LH:195
FN:19,20,Table.rows
FNDA:1,Table.rows
FN:23,24,Table.columns
FNDA:1,Table.columns
FN:27,28,Table.shape
FNDA:1,Table.shape
FN:30,35,Table.cell
FNDA:1,Table.cell
FN:37,38,Table.__len__
FNDA:1,Table.__len__
FN:41,41,Table.__getitem__
FNDA:1,Table.__getitem__
FN:44,44,Table.__getitem__
FNDA:1,Table.__getitem__
FN:47,47,Table.__getitem__
FNDA:1,Table.__getitem__
FN:50,50,Table.__getitem__
FNDA:1,Table.__getitem__
FN:52,69,Table.__getitem__
FNDA:1,Table.__getitem__
FN:71,73,Table.__iter__
FNDA:1,Table.__iter__
FN:75,77,Table.minimize_height
FNDA:1,Table.minimize_height
FN:79,100,Table.reset_style
FNDA:1,Table.reset_style
FN:103,122,set_text
FNDA:1,set_text
FN:130,131,Axis.__repr__
FNDA:1,Axis.__repr__
FN:134,135,Axis.cells
FNDA:1,Axis.cells
FN:138,139,Axis.borders
FNDA:1,Axis.borders
FN:141,142,Axis.__len__
FNDA:1,Axis.__len__
FN:144,145,Axis.__getitem__
FNDA:1,Axis.__getitem__
FN:147,149,Axis.__iter__
FNDA:1,Axis.__iter__
FN:151,159,Axis.text
FNDA:1,Axis.text
FN:168,169,Row.height
FNDA:1,Row.height
FN:172,173,Row.height
FNDA:1,Row.height
FN:182,183,Column.width
FNDA:1,Column.width
FN:186,187,Column.width
FNDA:1,Column.width
FN:196,197,Rows.height
FNDA:1,Rows.height
FN:200,202,Rows.height
FNDA:1,Rows.height
FN:205,206,Rows.borders
FNDA:1,Rows.borders
FN:215,216,Columns.width
FNDA:1,Columns.width
FN:219,221,Columns.width
FNDA:1,Columns.width
FN:224,225,Columns.borders
FNDA:1,Columns.borders
FN:233,234,Cell.__repr__
FNDA:1,Cell.__repr__
FN:237,238,Cell.shape
FNDA:1,Cell.shape
FN:241,242,Cell.text
FNDA:1,Cell.text
FN:245,246,Cell.text
FNDA:1,Cell.text
FN:249,250,Cell.borders
FNDA:1,Cell.borders
FN:252,253,Cell.merge
FNDA:1,Cell.merge
FN:262,263,CellRange.borders
FNDA:1,CellRange.borders
FN:271,272,LineFormat.__repr__
FNDA:1,LineFormat.__repr__
FN:279,288,LineFormatCollection.set
FNDA:1,LineFormatCollection.set
FN:296,304,Borders.__getitem__
FNDA:1,Borders.__getitem__
FN:311,315,BordersCollection.__getitem__
FNDA:1,BordersCollection.__getitem__
FNF:42
FNH:42
end_of_record
